{"C:\\Users\\615520252\\leave_system\\src\\app.ts": {"path":"C:\\Users\\615520252\\leave_system\\src\\app.ts","statementMap":{"0":{"start":{"line":1,"column":0},"end":{"line":1,"column":53}},"1":{"start":{"line":2,"column":0},"end":{"line":2,"column":24}},"2":{"start":{"line":3,"column":0},"end":{"line":3,"column":28}},"3":{"start":{"line":4,"column":0},"end":{"line":4,"column":45}},"4":{"start":{"line":5,"column":0},"end":{"line":5,"column":47}},"5":{"start":{"line":6,"column":0},"end":{"line":6,"column":31}},"6":{"start":{"line":8,"column":12},"end":{"line":8,"column":21}},"7":{"start":{"line":10,"column":0},"end":{"line":10,"column":24}},"8":{"start":{"line":11,"column":0},"end":{"line":11,"column":16}},"9":{"start":{"line":12,"column":0},"end":{"line":12,"column":18}},"10":{"start":{"line":14,"column":0},"end":{"line":14,"column":33}},"11":{"start":{"line":15,"column":0},"end":{"line":15,"column":35}},"12":{"start":{"line":17,"column":0},"end":{"line":19,"column":3}},"13":{"start":{"line":18,"column":2},"end":{"line":18,"column":45}},"14":{"start":{"line":21,"column":0},"end":{"line":29,"column":3}},"15":{"start":{"line":22,"column":2},"end":{"line":28,"column":3}},"16":{"start":{"line":23,"column":19},"end":{"line":23,"column":51}},"17":{"start":{"line":24,"column":4},"end":{"line":24,"column":65}},"18":{"start":{"line":26,"column":4},"end":{"line":26,"column":36}},"19":{"start":{"line":27,"column":4},"end":{"line":27,"column":78}},"20":{"start":{"line":31,"column":0},"end":{"line":31,"column":19}}},"fnMap":{"0":{"name":"(anonymous_1)","decl":{"start":{"line":17,"column":13},"end":{"line":17,"column":14}},"loc":{"start":{"line":17,"column":52},"end":{"line":19,"column":1}}},"1":{"name":"(anonymous_2)","decl":{"start":{"line":21,"column":24},"end":{"line":21,"column":29}},"loc":{"start":{"line":21,"column":78},"end":{"line":29,"column":1}}}},"branchMap":{},"s":{"0":2,"1":2,"2":2,"3":2,"4":2,"5":2,"6":2,"7":2,"8":2,"9":2,"10":2,"11":2,"12":2,"13":0,"14":2,"15":0,"16":0,"17":0,"18":0,"19":0,"20":2},"f":{"0":0,"1":0},"b":{}}
,"C:\\Users\\615520252\\leave_system\\src\\config\\db.ts": {"path":"C:\\Users\\615520252\\leave_system\\src\\config\\db.ts","statementMap":{"0":{"start":{"line":1,"column":0},"end":{"line":1,"column":28}},"1":{"start":{"line":2,"column":0},"end":{"line":2,"column":35}},"2":{"start":{"line":4,"column":0},"end":{"line":4,"column":16}},"3":{"start":{"line":6,"column":0},"end":{"line":6,"column":45}},"4":{"start":{"line":7,"column":0},"end":{"line":7,"column":53}},"5":{"start":{"line":9,"column":13},"end":{"line":17,"column":2}},"6":{"start":{"line":19,"column":0},"end":{"line":26,"column":5}},"7":{"start":{"line":21,"column":4},"end":{"line":21,"column":47}},"8":{"start":{"line":22,"column":4},"end":{"line":22,"column":25}},"9":{"start":{"line":25,"column":4},"end":{"line":25,"column":53}},"10":{"start":{"line":28,"column":0},"end":{"line":28,"column":20}}},"fnMap":{"0":{"name":"(anonymous_1)","decl":{"start":{"line":20,"column":8},"end":{"line":20,"column":9}},"loc":{"start":{"line":20,"column":23},"end":{"line":23,"column":3}}},"1":{"name":"(anonymous_2)","decl":{"start":{"line":24,"column":9},"end":{"line":24,"column":10}},"loc":{"start":{"line":24,"column":17},"end":{"line":26,"column":3}}}},"branchMap":{},"s":{"0":2,"1":2,"2":2,"3":2,"4":2,"5":2,"6":2,"7":2,"8":2,"9":0,"10":2},"f":{"0":2,"1":0},"b":{}}
,"C:\\Users\\615520252\\leave_system\\src\\controllers\\authController.ts": {"path":"C:\\Users\\615520252\\leave_system\\src\\controllers\\authController.ts","statementMap":{"0":{"start":{"line":2,"column":0},"end":{"line":2,"column":28}},"1":{"start":{"line":3,"column":0},"end":{"line":3,"column":31}},"2":{"start":{"line":4,"column":0},"end":{"line":4,"column":38}},"3":{"start":{"line":6,"column":37},"end":{"line":61,"column":1}},"4":{"start":{"line":12,"column":30},"end":{"line":12,"column":58}},"5":{"start":{"line":14,"column":2},"end":{"line":17,"column":3}},"6":{"start":{"line":15,"column":5},"end":{"line":15,"column":75}},"7":{"start":{"line":16,"column":5},"end":{"line":16,"column":12}},"8":{"start":{"line":19,"column":2},"end":{"line":60,"column":3}},"9":{"start":{"line":20,"column":17},"end":{"line":20,"column":46}},"10":{"start":{"line":22,"column":4},"end":{"line":25,"column":5}},"11":{"start":{"line":23,"column":5},"end":{"line":23,"column":69}},"12":{"start":{"line":24,"column":6},"end":{"line":24,"column":13}},"13":{"start":{"line":27,"column":20},"end":{"line":27,"column":69}},"14":{"start":{"line":29,"column":4},"end":{"line":32,"column":5}},"15":{"start":{"line":30,"column":6},"end":{"line":30,"column":70}},"16":{"start":{"line":31,"column":6},"end":{"line":31,"column":13}},"17":{"start":{"line":34,"column":18},"end":{"line":41,"column":null}},"18":{"start":{"line":44,"column":4},"end":{"line":55,"column":6}},"19":{"start":{"line":58,"column":4},"end":{"line":58,"column":39}},"20":{"start":{"line":59,"column":4},"end":{"line":59,"column":63}},"21":{"start":{"line":6,"column":13},"end":{"line":6,"column":37}},"22":{"start":{"line":63,"column":24},"end":{"line":101,"column":1}},"23":{"start":{"line":64,"column":2},"end":{"line":100,"column":3}},"24":{"start":{"line":65,"column":64},"end":{"line":65,"column":72}},"25":{"start":{"line":67,"column":4},"end":{"line":70,"column":5}},"26":{"start":{"line":68,"column":6},"end":{"line":68,"column":76}},"27":{"start":{"line":69,"column":6},"end":{"line":69,"column":13}},"28":{"start":{"line":72,"column":25},"end":{"line":72,"column":54}},"29":{"start":{"line":73,"column":4},"end":{"line":76,"column":5}},"30":{"start":{"line":74,"column":6},"end":{"line":74,"column":65}},"31":{"start":{"line":75,"column":6},"end":{"line":75,"column":13}},"32":{"start":{"line":78,"column":17},"end":{"line":78,"column":41}},"33":{"start":{"line":80,"column":27},"end":{"line":80,"column":60}},"34":{"start":{"line":82,"column":20},"end":{"line":82,"column":83}},"35":{"start":{"line":84,"column":19},"end":{"line":84,"column":45}},"36":{"start":{"line":86,"column":4},"end":{"line":95,"column":7}},"37":{"start":{"line":98,"column":4},"end":{"line":98,"column":46}},"38":{"start":{"line":99,"column":4},"end":{"line":99,"column":63}},"39":{"start":{"line":63,"column":13},"end":{"line":63,"column":24}}},"fnMap":{"0":{"name":"(anonymous_1)","decl":{"start":{"line":6,"column":37},"end":{"line":6,"column":42}},"loc":{"start":{"line":6,"column":75},"end":{"line":61,"column":1}}},"1":{"name":"(anonymous_2)","decl":{"start":{"line":63,"column":24},"end":{"line":63,"column":29}},"loc":{"start":{"line":63,"column":77},"end":{"line":101,"column":1}}}},"branchMap":{"0":{"loc":{"start":{"line":14,"column":2},"end":{"line":17,"column":3}},"type":"if","locations":[{"start":{"line":14,"column":2},"end":{"line":17,"column":3}}]},"1":{"loc":{"start":{"line":14,"column":6},"end":{"line":14,"column":25}},"type":"binary-expr","locations":[{"start":{"line":14,"column":6},"end":{"line":14,"column":12}},{"start":{"line":14,"column":16},"end":{"line":14,"column":25}}]},"2":{"loc":{"start":{"line":22,"column":4},"end":{"line":25,"column":5}},"type":"if","locations":[{"start":{"line":22,"column":4},"end":{"line":25,"column":5}}]},"3":{"loc":{"start":{"line":29,"column":4},"end":{"line":32,"column":5}},"type":"if","locations":[{"start":{"line":29,"column":4},"end":{"line":32,"column":5}}]},"4":{"loc":{"start":{"line":40,"column":6},"end":{"line":40,"column":40}},"type":"binary-expr","locations":[{"start":{"line":40,"column":6},"end":{"line":40,"column":28}},{"start":{"line":40,"column":32},"end":{"line":40,"column":40}}]},"5":{"loc":{"start":{"line":67,"column":4},"end":{"line":70,"column":5}},"type":"if","locations":[{"start":{"line":67,"column":4},"end":{"line":70,"column":5}}]},"6":{"loc":{"start":{"line":67,"column":8},"end":{"line":67,"column":27}},"type":"binary-expr","locations":[{"start":{"line":67,"column":8},"end":{"line":67,"column":14}},{"start":{"line":67,"column":18},"end":{"line":67,"column":27}}]},"7":{"loc":{"start":{"line":73,"column":4},"end":{"line":76,"column":5}},"type":"if","locations":[{"start":{"line":73,"column":4},"end":{"line":76,"column":5}}]}},"s":{"0":2,"1":2,"2":2,"3":2,"4":2,"5":2,"6":0,"7":0,"8":2,"9":2,"10":2,"11":2,"12":2,"13":0,"14":0,"15":0,"16":0,"17":0,"18":0,"19":0,"20":0,"21":2,"22":2,"23":1,"24":1,"25":1,"26":0,"27":0,"28":1,"29":1,"30":0,"31":0,"32":1,"33":1,"34":1,"35":1,"36":0,"37":1,"38":1,"39":2},"f":{"0":2,"1":1},"b":{"0":[0],"1":[2,2],"2":[2],"3":[0],"4":[0,0],"5":[0],"6":[1,1],"7":[0]}}
,"C:\\Users\\615520252\\leave_system\\src\\controllers\\leaveController.ts": {"path":"C:\\Users\\615520252\\leave_system\\src\\controllers\\leaveController.ts","statementMap":{"0":{"start":{"line":2,"column":0},"end":{"line":2,"column":40}},"1":{"start":{"line":4,"column":35},"end":{"line":13,"column":1}},"2":{"start":{"line":5,"column":2},"end":{"line":11,"column":3}},"3":{"start":{"line":6,"column":19},"end":{"line":6,"column":52}},"4":{"start":{"line":7,"column":4},"end":{"line":7,"column":33}},"5":{"start":{"line":9,"column":4},"end":{"line":9,"column":57}},"6":{"start":{"line":10,"column":4},"end":{"line":10,"column":72}},"7":{"start":{"line":4,"column":13},"end":{"line":4,"column":35}},"8":{"start":{"line":15,"column":28},"end":{"line":31,"column":2}},"9":{"start":{"line":16,"column":62},"end":{"line":16,"column":70}},"10":{"start":{"line":18,"column":2},"end":{"line":20,"column":3}},"11":{"start":{"line":19,"column":4},"end":{"line":19,"column":72}},"12":{"start":{"line":22,"column":2},"end":{"line":30,"column":3}},"13":{"start":{"line":23,"column":21},"end":{"line":23,"column":113}},"14":{"start":{"line":24,"column":25},"end":{"line":24,"column":53}},"15":{"start":{"line":26,"column":4},"end":{"line":26,"column":85}},"16":{"start":{"line":28,"column":4},"end":{"line":28,"column":50}},"17":{"start":{"line":29,"column":4},"end":{"line":29,"column":65}},"18":{"start":{"line":15,"column":13},"end":{"line":15,"column":28}},"19":{"start":{"line":33,"column":27},"end":{"line":42,"column":1}},"20":{"start":{"line":33,"column":87},"end":{"line":33,"column":97}},"21":{"start":{"line":35,"column":0},"end":{"line":41,"column":1}},"22":{"start":{"line":36,"column":17},"end":{"line":36,"column":57}},"23":{"start":{"line":37,"column":2},"end":{"line":37,"column":71}},"24":{"start":{"line":39,"column":2},"end":{"line":39,"column":48}},"25":{"start":{"line":40,"column":2},"end":{"line":40,"column":62}},"26":{"start":{"line":33,"column":13},"end":{"line":33,"column":27}},"27":{"start":{"line":44,"column":28},"end":{"line":52,"column":3}},"28":{"start":{"line":44,"column":90},"end":{"line":44,"column":98}},"29":{"start":{"line":46,"column":0},"end":{"line":52,"column":1}},"30":{"start":{"line":47,"column":17},"end":{"line":47,"column":90}},"31":{"start":{"line":48,"column":2},"end":{"line":48,"column":73}},"32":{"start":{"line":50,"column":2},"end":{"line":50,"column":47}},"33":{"start":{"line":51,"column":2},"end":{"line":51,"column":63}},"34":{"start":{"line":44,"column":13},"end":{"line":44,"column":28}},"35":{"start":{"line":54,"column":27},"end":{"line":62,"column":3}},"36":{"start":{"line":54,"column":97},"end":{"line":54,"column":105}},"37":{"start":{"line":56,"column":0},"end":{"line":62,"column":1}},"38":{"start":{"line":57,"column":17},"end":{"line":57,"column":99}},"39":{"start":{"line":58,"column":2},"end":{"line":58,"column":73}},"40":{"start":{"line":60,"column":2},"end":{"line":60,"column":47}},"41":{"start":{"line":61,"column":2},"end":{"line":61,"column":62}},"42":{"start":{"line":54,"column":13},"end":{"line":54,"column":27}},"43":{"start":{"line":64,"column":34},"end":{"line":72,"column":3}},"44":{"start":{"line":64,"column":94},"end":{"line":64,"column":104}},"45":{"start":{"line":66,"column":0},"end":{"line":72,"column":1}},"46":{"start":{"line":67,"column":17},"end":{"line":67,"column":69}},"47":{"start":{"line":68,"column":2},"end":{"line":68,"column":74}},"48":{"start":{"line":70,"column":2},"end":{"line":70,"column":53}},"49":{"start":{"line":71,"column":2},"end":{"line":71,"column":68}},"50":{"start":{"line":64,"column":13},"end":{"line":64,"column":34}},"51":{"start":{"line":74,"column":33},"end":{"line":82,"column":3}},"52":{"start":{"line":74,"column":94},"end":{"line":74,"column":104}},"53":{"start":{"line":76,"column":0},"end":{"line":82,"column":1}},"54":{"start":{"line":77,"column":20},"end":{"line":77,"column":69}},"55":{"start":{"line":78,"column":2},"end":{"line":78,"column":81}},"56":{"start":{"line":80,"column":2},"end":{"line":80,"column":55}},"57":{"start":{"line":81,"column":2},"end":{"line":81,"column":69}},"58":{"start":{"line":74,"column":13},"end":{"line":74,"column":33}}},"fnMap":{"0":{"name":"(anonymous_0)","decl":{"start":{"line":4,"column":35},"end":{"line":4,"column":40}},"loc":{"start":{"line":4,"column":73},"end":{"line":13,"column":1}}},"1":{"name":"(anonymous_1)","decl":{"start":{"line":15,"column":28},"end":{"line":15,"column":33}},"loc":{"start":{"line":15,"column":66},"end":{"line":31,"column":2}}},"2":{"name":"(anonymous_2)","decl":{"start":{"line":33,"column":27},"end":{"line":33,"column":32}},"loc":{"start":{"line":33,"column":65},"end":{"line":42,"column":1}}},"3":{"name":"(anonymous_3)","decl":{"start":{"line":44,"column":28},"end":{"line":44,"column":33}},"loc":{"start":{"line":44,"column":66},"end":{"line":52,"column":3}}},"4":{"name":"(anonymous_4)","decl":{"start":{"line":54,"column":27},"end":{"line":54,"column":32}},"loc":{"start":{"line":54,"column":65},"end":{"line":62,"column":3}}},"5":{"name":"(anonymous_5)","decl":{"start":{"line":64,"column":34},"end":{"line":64,"column":39}},"loc":{"start":{"line":64,"column":72},"end":{"line":72,"column":3}}},"6":{"name":"(anonymous_6)","decl":{"start":{"line":74,"column":33},"end":{"line":74,"column":38}},"loc":{"start":{"line":74,"column":71},"end":{"line":82,"column":3}}}},"branchMap":{"0":{"loc":{"start":{"line":18,"column":2},"end":{"line":20,"column":3}},"type":"if","locations":[{"start":{"line":18,"column":2},"end":{"line":20,"column":3}}]},"1":{"loc":{"start":{"line":18,"column":6},"end":{"line":18,"column":55}},"type":"binary-expr","locations":[{"start":{"line":18,"column":6},"end":{"line":18,"column":13}},{"start":{"line":18,"column":17},"end":{"line":18,"column":29}},{"start":{"line":18,"column":33},"end":{"line":18,"column":43}},{"start":{"line":18,"column":47},"end":{"line":18,"column":55}}]},"2":{"loc":{"start":{"line":57,"column":68},"end":{"line":57,"column":98}},"type":"binary-expr","locations":[{"start":{"line":57,"column":68},"end":{"line":57,"column":74}},{"start":{"line":57,"column":78},"end":{"line":57,"column":98}}]}},"s":{"0":2,"1":2,"2":0,"3":0,"4":0,"5":0,"6":0,"7":2,"8":2,"9":0,"10":0,"11":0,"12":0,"13":0,"14":0,"15":0,"16":0,"17":0,"18":2,"19":2,"20":0,"21":0,"22":0,"23":0,"24":0,"25":0,"26":2,"27":2,"28":0,"29":0,"30":0,"31":0,"32":0,"33":0,"34":2,"35":2,"36":0,"37":0,"38":0,"39":0,"40":0,"41":0,"42":2,"43":2,"44":0,"45":0,"46":0,"47":0,"48":0,"49":0,"50":2,"51":2,"52":0,"53":0,"54":0,"55":0,"56":0,"57":0,"58":2},"f":{"0":0,"1":0,"2":0,"3":0,"4":0,"5":0,"6":0},"b":{"0":[0],"1":[0,0,0,0],"2":[0,0]}}
,"C:\\Users\\615520252\\leave_system\\src\\middleware\\authMiddleware.ts": {"path":"C:\\Users\\615520252\\leave_system\\src\\middleware\\authMiddleware.ts","statementMap":{"0":{"start":{"line":2,"column":0},"end":{"line":2,"column":31}},"1":{"start":{"line":6,"column":28},"end":{"line":22,"column":3}},"2":{"start":{"line":7,"column":18},"end":{"line":7,"column":58}},"3":{"start":{"line":9,"column":4},"end":{"line":12,"column":5}},"4":{"start":{"line":10,"column":6},"end":{"line":10,"column":77}},"5":{"start":{"line":11,"column":6},"end":{"line":11,"column":13}},"6":{"start":{"line":14,"column":4},"end":{"line":20,"column":5}},"7":{"start":{"line":15,"column":22},"end":{"line":15,"column":75}},"8":{"start":{"line":16,"column":6},"end":{"line":16,"column":32}},"9":{"start":{"line":17,"column":6},"end":{"line":17,"column":13}},"10":{"start":{"line":19,"column":6},"end":{"line":19,"column":58}},"11":{"start":{"line":6,"column":14},"end":{"line":6,"column":28}}},"fnMap":{"0":{"name":"(anonymous_1)","decl":{"start":{"line":6,"column":28},"end":{"line":6,"column":29}},"loc":{"start":{"line":6,"column":90},"end":{"line":22,"column":3}}}},"branchMap":{"0":{"loc":{"start":{"line":9,"column":4},"end":{"line":12,"column":5}},"type":"if","locations":[{"start":{"line":9,"column":4},"end":{"line":12,"column":5}}]},"1":{"loc":{"start":{"line":15,"column":40},"end":{"line":15,"column":74}},"type":"binary-expr","locations":[{"start":{"line":15,"column":40},"end":{"line":15,"column":62}},{"start":{"line":15,"column":66},"end":{"line":15,"column":74}}]}},"s":{"0":2,"1":2,"2":0,"3":0,"4":0,"5":0,"6":0,"7":0,"8":0,"9":0,"10":0,"11":2},"f":{"0":0},"b":{"0":[0],"1":[0,0]}}
,"C:\\Users\\615520252\\leave_system\\src\\middleware\\roleMiddleware.ts": {"path":"C:\\Users\\615520252\\leave_system\\src\\middleware\\roleMiddleware.ts","statementMap":{"0":{"start":{"line":4,"column":30},"end":{"line":13,"column":3}},"1":{"start":{"line":5,"column":4},"end":{"line":11,"column":6}},"2":{"start":{"line":6,"column":6},"end":{"line":10,"column":7}},"3":{"start":{"line":7,"column":8},"end":{"line":7,"column":59}},"4":{"start":{"line":9,"column":8},"end":{"line":9,"column":15}},"5":{"start":{"line":4,"column":13},"end":{"line":4,"column":30}}},"fnMap":{"0":{"name":"(anonymous_0)","decl":{"start":{"line":4,"column":30},"end":{"line":4,"column":31}},"loc":{"start":{"line":4,"column":53},"end":{"line":13,"column":3}}},"1":{"name":"(anonymous_1)","decl":{"start":{"line":5,"column":11},"end":{"line":5,"column":12}},"loc":{"start":{"line":5,"column":67},"end":{"line":11,"column":5}}}},"branchMap":{"0":{"loc":{"start":{"line":6,"column":6},"end":{"line":10,"column":7}},"type":"if","locations":[{"start":{"line":6,"column":6},"end":{"line":10,"column":7}},{"start":{"line":8,"column":13},"end":{"line":10,"column":7}}]}},"s":{"0":2,"1":2,"2":0,"3":0,"4":0,"5":2},"f":{"0":2,"1":0},"b":{"0":[0,0]}}
,"C:\\Users\\615520252\\leave_system\\src\\models\\Leave.ts": {"path":"C:\\Users\\615520252\\leave_system\\src\\models\\Leave.ts","statementMap":{"0":{"start":{"line":1,"column":0},"end":{"line":1,"column":32}},"1":{"start":{"line":13,"column":8},"end":{"line":13,"column":26}},"2":{"start":{"line":14,"column":8},"end":{"line":14,"column":29}},"3":{"start":{"line":15,"column":8},"end":{"line":15,"column":39}},"4":{"start":{"line":16,"column":8},"end":{"line":16,"column":35}},"5":{"start":{"line":17,"column":8},"end":{"line":17,"column":31}},"6":{"start":{"line":18,"column":8},"end":{"line":18,"column":29}},"7":{"start":{"line":19,"column":8},"end":{"line":19,"column":29}},"8":{"start":{"line":23,"column":22},"end":{"line":26,"column":10}},"9":{"start":{"line":27,"column":23},"end":{"line":34,"column":10}},"10":{"start":{"line":35,"column":25},"end":{"line":35,"column":58}},"11":{"start":{"line":36,"column":28},"end":{"line":36,"column":51}},"12":{"start":{"line":38,"column":8},"end":{"line":46,"column":10}},"13":{"start":{"line":51,"column":22},"end":{"line":53,"column":10}},"14":{"start":{"line":54,"column":23},"end":{"line":54,"column":48}},"15":{"start":{"line":55,"column":8},"end":{"line":55,"column":20}},"16":{"start":{"line":59,"column":22},"end":{"line":59,"column":83}},"17":{"start":{"line":60,"column":25},"end":{"line":60,"column":61}},"18":{"start":{"line":61,"column":8},"end":{"line":61,"column":null}},"19":{"start":{"line":65,"column":18},"end":{"line":69,"column":6}},"20":{"start":{"line":70,"column":21},"end":{"line":70,"column":73}},"21":{"start":{"line":71,"column":4},"end":{"line":71,"column":18}},"22":{"start":{"line":75,"column":18},"end":{"line":75,"column":66}},"23":{"start":{"line":76,"column":19},"end":{"line":76,"column":54}},"24":{"start":{"line":77,"column":4},"end":{"line":77,"column":16}},"25":{"start":{"line":80,"column":26},"end":{"line":82,"column":null}},"26":{"start":{"line":85,"column":4},"end":{"line":85,"column":49}},"27":{"start":{"line":85,"column":15},"end":{"line":85,"column":49}},"28":{"start":{"line":87,"column":24},"end":{"line":89,"column":null}},"29":{"start":{"line":92,"column":19},"end":{"line":92,"column":20}},"30":{"start":{"line":93,"column":4},"end":{"line":98,"column":5}},"31":{"start":{"line":94,"column":20},"end":{"line":94,"column":46}},"32":{"start":{"line":95,"column":18},"end":{"line":95,"column":42}},"33":{"start":{"line":96,"column":19},"end":{"line":96,"column":91}},"34":{"start":{"line":97,"column":6},"end":{"line":97,"column":23}},"35":{"start":{"line":100,"column":4},"end":{"line":100,"column":48}},"36":{"start":{"line":3,"column":0},"end":{"line":3,"column":13}}},"fnMap":{"0":{"name":"(anonymous_1)","decl":{"start":{"line":12,"column":4},"end":{"line":12,"column":16}},"loc":{"start":{"line":12,"column":127},"end":{"line":20,"column":5}}},"1":{"name":"(anonymous_2)","decl":{"start":{"line":22,"column":4},"end":{"line":22,"column":10}},"loc":{"start":{"line":22,"column":43},"end":{"line":48,"column":5}}},"2":{"name":"(anonymous_3)","decl":{"start":{"line":50,"column":4},"end":{"line":50,"column":10}},"loc":{"start":{"line":50,"column":36},"end":{"line":56,"column":5}}},"3":{"name":"(anonymous_4)","decl":{"start":{"line":58,"column":4},"end":{"line":58,"column":10}},"loc":{"start":{"line":58,"column":44},"end":{"line":62,"column":1}}},"4":{"name":"(anonymous_5)","decl":{"start":{"line":64,"column":4},"end":{"line":64,"column":10}},"loc":{"start":{"line":64,"column":82},"end":{"line":72,"column":3}}},"5":{"name":"(anonymous_6)","decl":{"start":{"line":74,"column":4},"end":{"line":74,"column":10}},"loc":{"start":{"line":74,"column":56},"end":{"line":78,"column":3}}},"6":{"name":"(anonymous_7)","decl":{"start":{"line":79,"column":2},"end":{"line":79,"column":8}},"loc":{"start":{"line":79,"column":51},"end":{"line":101,"column":3}}}},"branchMap":{"0":{"loc":{"start":{"line":13,"column":18},"end":{"line":13,"column":25}},"type":"binary-expr","locations":[{"start":{"line":13,"column":18},"end":{"line":13,"column":20}},{"start":{"line":13,"column":24},"end":{"line":13,"column":25}}]},"1":{"loc":{"start":{"line":85,"column":4},"end":{"line":85,"column":49}},"type":"if","locations":[{"start":{"line":85,"column":4},"end":{"line":85,"column":49}}]}},"s":{"0":2,"1":1,"2":1,"3":1,"4":1,"5":1,"6":1,"7":1,"8":1,"9":1,"10":0,"11":0,"12":0,"13":1,"14":1,"15":0,"16":0,"17":0,"18":0,"19":0,"20":0,"21":0,"22":0,"23":0,"24":0,"25":0,"26":0,"27":0,"28":0,"29":0,"30":0,"31":0,"32":0,"33":0,"34":0,"35":0,"36":2},"f":{"0":1,"1":1,"2":1,"3":0,"4":0,"5":0,"6":0},"b":{"0":[1,0],"1":[0]}}
,"C:\\Users\\615520252\\leave_system\\src\\models\\User.ts": {"path":"C:\\Users\\615520252\\leave_system\\src\\models\\User.ts","statementMap":{"0":{"start":{"line":2,"column":0},"end":{"line":2,"column":32}},"1":{"start":{"line":24,"column":4},"end":{"line":24,"column":25}},"2":{"start":{"line":25,"column":4},"end":{"line":25,"column":31}},"3":{"start":{"line":26,"column":4},"end":{"line":26,"column":27}},"4":{"start":{"line":27,"column":4},"end":{"line":27,"column":23}},"5":{"start":{"line":28,"column":4},"end":{"line":28,"column":37}},"6":{"start":{"line":29,"column":4},"end":{"line":29,"column":21}},"7":{"start":{"line":30,"column":4},"end":{"line":30,"column":21}},"8":{"start":{"line":31,"column":4},"end":{"line":31,"column":49}},"9":{"start":{"line":35,"column":21},"end":{"line":46,"column":null}},"10":{"start":{"line":49,"column":4},"end":{"line":49,"column":43}},"11":{"start":{"line":50,"column":4},"end":{"line":50,"column":16}},"12":{"start":{"line":54,"column":24},"end":{"line":54,"column":89}},"13":{"start":{"line":55,"column":4},"end":{"line":55,"column":39}},"14":{"start":{"line":55,"column":27},"end":{"line":55,"column":39}},"15":{"start":{"line":56,"column":16},"end":{"line":56,"column":23}},"16":{"start":{"line":58,"column":4},"end":{"line":67,"column":6}},"17":{"start":{"line":4,"column":0},"end":{"line":4,"column":13}}},"fnMap":{"0":{"name":"(anonymous_1)","decl":{"start":{"line":14,"column":2},"end":{"line":14,"column":null}},"loc":{"start":{"line":22,"column":19},"end":{"line":32,"column":3}}},"1":{"name":"(anonymous_2)","decl":{"start":{"line":34,"column":2},"end":{"line":34,"column":8}},"loc":{"start":{"line":34,"column":32},"end":{"line":51,"column":3}}},"2":{"name":"(anonymous_3)","decl":{"start":{"line":53,"column":2},"end":{"line":53,"column":8}},"loc":{"start":{"line":53,"column":40},"end":{"line":68,"column":3}}}},"branchMap":{"0":{"loc":{"start":{"line":20,"column":4},"end":{"line":20,"column":55}},"type":"default-arg","locations":[{"start":{"line":20,"column":45},"end":{"line":20,"column":55}}]},"1":{"loc":{"start":{"line":21,"column":4},"end":{"line":21,"column":35}},"type":"default-arg","locations":[{"start":{"line":21,"column":33},"end":{"line":21,"column":35}}]},"2":{"loc":{"start":{"line":55,"column":4},"end":{"line":55,"column":39}},"type":"if","locations":[{"start":{"line":55,"column":4},"end":{"line":55,"column":39}}]}},"s":{"0":2,"1":1,"2":1,"3":1,"4":1,"5":1,"6":1,"7":1,"8":1,"9":1,"10":0,"11":0,"12":3,"13":3,"14":3,"15":0,"16":0,"17":2},"f":{"0":1,"1":1,"2":3},"b":{"0":[1],"1":[1],"2":[3]}}
,"C:\\Users\\615520252\\leave_system\\src\\routes\\authRoutes.ts": {"path":"C:\\Users\\615520252\\leave_system\\src\\routes\\authRoutes.ts","statementMap":{"0":{"start":{"line":1,"column":0},"end":{"line":1,"column":30}},"1":{"start":{"line":2,"column":0},"end":{"line":2,"column":62}},"2":{"start":{"line":3,"column":0},"end":{"line":3,"column":59}},"3":{"start":{"line":4,"column":0},"end":{"line":4,"column":62}},"4":{"start":{"line":5,"column":0},"end":{"line":5,"column":62}},"5":{"start":{"line":7,"column":15},"end":{"line":7,"column":31}},"6":{"start":{"line":9,"column":0},"end":{"line":9,"column":35}},"7":{"start":{"line":10,"column":0},"end":{"line":10,"column":29}},"8":{"start":{"line":13,"column":0},"end":{"line":18,"column":2}},"9":{"start":{"line":20,"column":0},"end":{"line":20,"column":22}}},"fnMap":{},"branchMap":{},"s":{"0":2,"1":2,"2":2,"3":2,"4":2,"5":2,"6":2,"7":2,"8":2,"9":2},"f":{},"b":{}}
,"C:\\Users\\615520252\\leave_system\\src\\routes\\leaveRoutes.ts": {"path":"C:\\Users\\615520252\\leave_system\\src\\routes\\leaveRoutes.ts","statementMap":{"0":{"start":{"line":1,"column":0},"end":{"line":1,"column":30}},"1":{"start":{"line":2,"column":0},"end":{"line":2,"column":40}},"2":{"start":{"line":4,"column":15},"end":{"line":4,"column":31}},"3":{"start":{"line":6,"column":0},"end":{"line":16,"column":3}},"4":{"start":{"line":7,"column":72},"end":{"line":7,"column":80}},"5":{"start":{"line":9,"column":4},"end":{"line":15,"column":5}},"6":{"start":{"line":10,"column":29},"end":{"line":10,"column":121}},"7":{"start":{"line":11,"column":23},"end":{"line":11,"column":55}},"8":{"start":{"line":12,"column":8},"end":{"line":12,"column":88}},"9":{"start":{"line":14,"column":8},"end":{"line":14,"column":83}},"10":{"start":{"line":18,"column":0},"end":{"line":25,"column":3}},"11":{"start":{"line":19,"column":4},"end":{"line":24,"column":5}},"12":{"start":{"line":20,"column":30},"end":{"line":20,"column":63}},"13":{"start":{"line":21,"column":8},"end":{"line":21,"column":44}},"14":{"start":{"line":23,"column":8},"end":{"line":23,"column":83}},"15":{"start":{"line":27,"column":0},"end":{"line":27,"column":22}}},"fnMap":{"0":{"name":"(anonymous_1)","decl":{"start":{"line":6,"column":30},"end":{"line":6,"column":35}},"loc":{"start":{"line":6,"column":49},"end":{"line":16,"column":1}}},"1":{"name":"(anonymous_2)","decl":{"start":{"line":18,"column":30},"end":{"line":18,"column":35}},"loc":{"start":{"line":18,"column":49},"end":{"line":25,"column":1}}}},"branchMap":{},"s":{"0":2,"1":2,"2":2,"3":2,"4":1,"5":1,"6":1,"7":1,"8":0,"9":1,"10":2,"11":1,"12":1,"13":0,"14":1,"15":2},"f":{"0":1,"1":1},"b":{}}
}
