TN:
SF:src\app.ts
FN:17,(anonymous_8)
FN:21,(anonymous_9)
FN:21,(anonymous_10)
FNF:3
FNH:0
FNDA:0,(anonymous_8)
FNDA:0,(anonymous_9)
FNDA:0,(anonymous_10)
DA:1,2
DA:2,2
DA:3,2
DA:4,2
DA:5,2
DA:6,2
DA:8,2
DA:10,2
DA:11,2
DA:12,2
DA:14,2
DA:15,2
DA:17,2
DA:18,0
DA:21,2
DA:22,0
DA:23,0
DA:24,0
DA:26,0
DA:27,0
DA:31,2
LF:21
LH:15
BRF:0
BRH:0
end_of_record
TN:
SF:src\config\db.ts
FN:20,(anonymous_1)
FN:24,(anonymous_2)
FNF:2
FNH:1
FNDA:2,(anonymous_1)
FNDA:0,(anonymous_2)
DA:1,2
DA:2,2
DA:4,2
DA:6,2
DA:7,2
DA:9,2
DA:19,2
DA:21,2
DA:22,2
DA:25,0
DA:28,2
LF:11
LH:10
BRF:0
BRH:0
end_of_record
TN:
SF:src\controllers\authController.ts
FN:6,(anonymous_8)
FN:6,(anonymous_9)
FN:63,(anonymous_10)
FN:63,(anonymous_11)
FNF:4
FNH:0
FNDA:0,(anonymous_8)
FNDA:0,(anonymous_9)
FNDA:0,(anonymous_10)
FNDA:0,(anonymous_11)
DA:2,2
DA:3,2
DA:4,2
DA:6,2
DA:12,0
DA:14,0
DA:15,0
DA:16,0
DA:19,0
DA:20,0
DA:22,0
DA:23,0
DA:24,0
DA:27,0
DA:29,0
DA:30,0
DA:31,0
DA:34,0
DA:44,0
DA:58,0
DA:59,0
DA:63,2
DA:64,0
DA:65,0
DA:67,0
DA:68,0
DA:69,0
DA:72,0
DA:73,0
DA:74,0
DA:75,0
DA:78,0
DA:80,0
DA:82,0
DA:84,0
DA:86,0
DA:98,0
DA:99,0
LF:38
LH:5
BRDA:14,0,0,0
BRDA:14,1,0,0
BRDA:14,1,1,0
BRDA:22,2,0,0
BRDA:29,3,0,0
BRDA:40,4,0,0
BRDA:40,4,1,0
BRDA:67,5,0,0
BRDA:67,6,0,0
BRDA:67,6,1,0
BRDA:73,7,0,0
BRF:11
BRH:0
end_of_record
TN:
SF:src\controllers\leaveController.ts
FN:4,(anonymous_7)
FN:4,(anonymous_8)
FN:15,(anonymous_9)
FN:15,(anonymous_10)
FN:33,(anonymous_11)
FN:33,(anonymous_12)
FN:44,(anonymous_13)
FN:44,(anonymous_14)
FN:54,(anonymous_15)
FN:54,(anonymous_16)
FN:64,(anonymous_17)
FN:64,(anonymous_18)
FN:74,(anonymous_19)
FN:74,(anonymous_20)
FNF:14
FNH:0
FNDA:0,(anonymous_7)
FNDA:0,(anonymous_8)
FNDA:0,(anonymous_9)
FNDA:0,(anonymous_10)
FNDA:0,(anonymous_11)
FNDA:0,(anonymous_12)
FNDA:0,(anonymous_13)
FNDA:0,(anonymous_14)
FNDA:0,(anonymous_15)
FNDA:0,(anonymous_16)
FNDA:0,(anonymous_17)
FNDA:0,(anonymous_18)
FNDA:0,(anonymous_19)
FNDA:0,(anonymous_20)
DA:2,2
DA:4,2
DA:5,0
DA:6,0
DA:7,0
DA:9,0
DA:10,0
DA:15,2
DA:16,0
DA:18,0
DA:19,0
DA:22,0
DA:23,0
DA:24,0
DA:26,0
DA:28,0
DA:29,0
DA:33,2
DA:35,0
DA:36,0
DA:37,0
DA:39,0
DA:40,0
DA:44,2
DA:46,0
DA:47,0
DA:48,0
DA:50,0
DA:51,0
DA:54,2
DA:56,0
DA:57,0
DA:58,0
DA:60,0
DA:61,0
DA:64,2
DA:66,0
DA:67,0
DA:68,0
DA:70,0
DA:71,0
DA:74,2
DA:76,0
DA:77,0
DA:78,0
DA:80,0
DA:81,0
LF:47
LH:8
BRDA:18,0,0,0
BRDA:18,1,0,0
BRDA:18,1,1,0
BRDA:18,1,2,0
BRDA:18,1,3,0
BRDA:57,2,0,0
BRDA:57,2,1,0
BRF:7
BRH:0
end_of_record
TN:
SF:src\middleware\authMiddleware.ts
FN:6,(anonymous_1)
FNF:1
FNH:0
FNDA:0,(anonymous_1)
DA:2,2
DA:6,2
DA:7,0
DA:9,0
DA:10,0
DA:11,0
DA:14,0
DA:15,0
DA:16,0
DA:17,0
DA:19,0
LF:11
LH:2
BRDA:7,0,0,0
BRDA:7,0,1,0
BRDA:7,1,0,0
BRDA:7,1,1,0
BRDA:9,2,0,0
BRDA:15,3,0,0
BRDA:15,3,1,0
BRF:7
BRH:0
end_of_record
TN:
SF:src\middleware\roleMiddleware.ts
FN:4,(anonymous_0)
FN:5,(anonymous_1)
FNF:2
FNH:1
FNDA:2,(anonymous_0)
FNDA:0,(anonymous_1)
DA:4,2
DA:5,2
DA:6,0
DA:7,0
DA:9,0
LF:5
LH:2
BRDA:6,0,0,0
BRDA:6,0,1,0
BRF:2
BRH:0
end_of_record
TN:
SF:src\models\Leave.ts
FN:12,(anonymous_8)
FN:30,(anonymous_9)
FN:57,(anonymous_11)
FN:65,(anonymous_13)
FN:71,(anonymous_15)
FN:81,(anonymous_17)
FN:87,(anonymous_19)
FNF:7
FNH:3
FNDA:1,(anonymous_8)
FNDA:1,(anonymous_9)
FNDA:1,(anonymous_11)
FNDA:0,(anonymous_13)
FNDA:0,(anonymous_15)
FNDA:0,(anonymous_17)
FNDA:0,(anonymous_19)
DA:1,2
DA:3,2
DA:21,1
DA:22,1
DA:23,1
DA:24,1
DA:25,1
DA:26,1
DA:27,1
DA:31,1
DA:35,1
DA:43,1
DA:44,0
DA:46,0
DA:58,1
DA:61,1
DA:62,0
DA:66,0
DA:67,0
DA:68,0
DA:72,0
DA:77,0
DA:78,0
DA:82,0
DA:83,0
DA:84,0
DA:88,0
DA:93,0
DA:95,0
DA:100,0
DA:101,0
DA:102,0
DA:103,0
DA:104,0
DA:105,0
DA:108,0
LF:36
LH:14
BRDA:93,0,0,0
BRF:1
BRH:0
end_of_record
TN:
SF:src\models\User.ts
FN:14,(anonymous_8)
FN:34,(anonymous_9)
FN:62,(anonymous_11)
FN:83,(anonymous_13)
FNF:4
FNH:4
FNDA:1,(anonymous_8)
FNDA:1,(anonymous_9)
FNDA:1,(anonymous_11)
FNDA:1,(anonymous_13)
DA:2,2
DA:4,2
DA:24,1
DA:25,1
DA:26,1
DA:27,1
DA:28,1
DA:29,1
DA:30,1
DA:31,1
DA:35,1
DA:36,0
DA:39,1
DA:40,1
DA:41,1
DA:44,0
DA:58,0
DA:59,0
DA:63,1
DA:64,0
DA:67,1
DA:68,1
DA:69,1
DA:71,1
DA:84,1
DA:85,1
LF:26
LH:21
BRDA:20,0,0,0
BRDA:21,1,0,0
BRDA:35,2,0,0
BRDA:40,3,0,1
BRDA:63,4,0,0
BRDA:63,5,0,1
BRDA:63,5,1,1
BRDA:68,6,0,0
BRF:8
BRH:3
end_of_record
TN:
SF:src\routes\authRoutes.ts
FNF:0
FNH:0
DA:1,2
DA:2,2
DA:3,2
DA:4,2
DA:5,2
DA:7,2
DA:9,2
DA:10,2
DA:13,2
DA:20,2
LF:10
LH:10
BRF:0
BRH:0
end_of_record
TN:
SF:src\routes\leaveRoutes.ts
FN:16,(anonymous_8)
FN:16,(anonymous_9)
FN:42,(anonymous_10)
FN:42,(anonymous_11)
FNF:4
FNH:4
FNDA:1,(anonymous_8)
FNDA:1,(anonymous_9)
FNDA:1,(anonymous_10)
FNDA:1,(anonymous_11)
DA:1,2
DA:2,2
DA:14,2
DA:16,2
DA:17,1
DA:19,1
DA:20,0
DA:21,0
DA:24,1
DA:25,1
DA:35,1
DA:36,0
DA:38,1
DA:42,2
DA:43,1
DA:44,1
DA:45,0
DA:47,1
DA:51,2
LF:19
LH:15
BRDA:19,0,0,0
BRDA:19,1,0,1
BRDA:19,1,1,1
BRDA:19,1,2,1
BRDA:19,1,3,1
BRF:5
BRH:4
end_of_record
