TN:
SF:src\app.ts
FN:17,(anonymous_1)
FN:21,(anonymous_2)
FNF:2
FNH:0
FNDA:0,(anonymous_1)
FNDA:0,(anonymous_2)
DA:1,2
DA:2,2
DA:3,2
DA:4,2
DA:5,2
DA:6,2
DA:8,2
DA:10,2
DA:11,2
DA:12,2
DA:14,2
DA:15,2
DA:17,2
DA:18,0
DA:21,2
DA:22,0
DA:23,0
DA:24,0
DA:26,0
DA:27,0
DA:31,2
LF:21
LH:15
BRF:0
BRH:0
end_of_record
TN:
SF:src\config\db.ts
FN:20,(anonymous_1)
FN:24,(anonymous_2)
FNF:2
FNH:1
FNDA:2,(anonymous_1)
FNDA:0,(anonymous_2)
DA:1,2
DA:2,2
DA:4,2
DA:6,2
DA:7,2
DA:9,2
DA:19,2
DA:21,2
DA:22,2
DA:25,0
DA:28,2
LF:11
LH:10
BRF:0
BRH:0
end_of_record
TN:
SF:src\controllers\authController.ts
FN:6,(anonymous_1)
FN:63,(anonymous_2)
FNF:2
FNH:2
FNDA:2,(anonymous_1)
FNDA:1,(anonymous_2)
DA:2,2
DA:3,2
DA:4,2
DA:6,2
DA:7,2
DA:9,2
DA:10,0
DA:11,0
DA:14,2
DA:15,2
DA:17,2
DA:18,2
DA:19,2
DA:22,0
DA:25,0
DA:27,0
DA:28,0
DA:29,0
DA:33,0
DA:44,0
DA:57,0
DA:58,0
DA:63,2
DA:64,1
DA:65,1
DA:67,1
DA:68,0
DA:69,0
DA:72,1
DA:73,1
DA:74,1
DA:75,1
DA:78,0
DA:79,0
DA:81,0
DA:82,0
DA:83,0
DA:86,0
DA:96,0
DA:108,0
DA:109,0
LF:41
LH:19
BRDA:9,0,0,0
BRDA:9,1,0,2
BRDA:9,1,1,2
BRDA:17,2,0,2
BRDA:27,3,0,0
BRDA:39,4,0,0
BRDA:39,4,1,0
BRDA:67,5,0,0
BRDA:67,6,0,1
BRDA:67,6,1,1
BRDA:73,7,0,1
BRDA:81,8,0,0
BRDA:92,9,0,0
BRDA:92,9,1,0
BRF:14
BRH:6
end_of_record
TN:
SF:src\controllers\leaveController.ts
FN:4,(anonymous_0)
FN:15,(anonymous_1)
FN:33,(anonymous_2)
FN:44,(anonymous_3)
FN:54,(anonymous_4)
FN:64,(anonymous_5)
FN:74,(anonymous_6)
FNF:7
FNH:0
FNDA:0,(anonymous_0)
FNDA:0,(anonymous_1)
FNDA:0,(anonymous_2)
FNDA:0,(anonymous_3)
FNDA:0,(anonymous_4)
FNDA:0,(anonymous_5)
FNDA:0,(anonymous_6)
DA:2,2
DA:4,2
DA:5,0
DA:6,0
DA:7,0
DA:9,0
DA:10,0
DA:15,2
DA:16,0
DA:18,0
DA:19,0
DA:22,0
DA:23,0
DA:24,0
DA:26,0
DA:28,0
DA:29,0
DA:33,2
DA:35,0
DA:36,0
DA:37,0
DA:39,0
DA:40,0
DA:44,2
DA:46,0
DA:47,0
DA:48,0
DA:50,0
DA:51,0
DA:54,2
DA:56,0
DA:57,0
DA:58,0
DA:60,0
DA:61,0
DA:64,2
DA:66,0
DA:67,0
DA:68,0
DA:70,0
DA:71,0
DA:74,2
DA:76,0
DA:77,0
DA:78,0
DA:80,0
DA:81,0
LF:47
LH:8
BRDA:18,0,0,0
BRDA:18,1,0,0
BRDA:18,1,1,0
BRDA:18,1,2,0
BRDA:18,1,3,0
BRDA:57,2,0,0
BRDA:57,2,1,0
BRF:7
BRH:0
end_of_record
TN:
SF:src\middleware\authMiddleware.ts
FN:6,(anonymous_1)
FNF:1
FNH:0
FNDA:0,(anonymous_1)
DA:2,2
DA:6,2
DA:7,0
DA:9,0
DA:10,0
DA:11,0
DA:14,0
DA:15,0
DA:16,0
DA:17,0
DA:19,0
LF:11
LH:2
BRDA:9,0,0,0
BRDA:15,1,0,0
BRDA:15,1,1,0
BRF:3
BRH:0
end_of_record
TN:
SF:src\middleware\roleMiddleware.ts
FN:4,(anonymous_0)
FN:5,(anonymous_1)
FNF:2
FNH:1
FNDA:2,(anonymous_0)
FNDA:0,(anonymous_1)
DA:4,2
DA:5,2
DA:6,0
DA:7,0
DA:9,0
LF:5
LH:2
BRDA:6,0,0,0
BRDA:6,0,1,0
BRF:2
BRH:0
end_of_record
TN:
SF:src\models\Leave.ts
FN:12,(anonymous_1)
FN:22,(anonymous_2)
FN:50,(anonymous_3)
FN:58,(anonymous_4)
FN:64,(anonymous_5)
FN:74,(anonymous_6)
FN:79,(anonymous_7)
FNF:7
FNH:3
FNDA:1,(anonymous_1)
FNDA:1,(anonymous_2)
FNDA:1,(anonymous_3)
FNDA:0,(anonymous_4)
FNDA:0,(anonymous_5)
FNDA:0,(anonymous_6)
FNDA:0,(anonymous_7)
DA:1,2
DA:3,2
DA:13,1
DA:14,1
DA:15,1
DA:16,1
DA:17,1
DA:18,1
DA:19,1
DA:23,1
DA:27,1
DA:35,0
DA:36,0
DA:38,0
DA:51,1
DA:54,1
DA:55,0
DA:59,0
DA:60,0
DA:61,0
DA:65,0
DA:70,0
DA:71,0
DA:75,0
DA:76,0
DA:77,0
DA:80,0
DA:85,0
DA:87,0
DA:92,0
DA:93,0
DA:94,0
DA:95,0
DA:96,0
DA:97,0
DA:100,0
LF:36
LH:13
BRDA:13,0,0,1
BRDA:13,0,1,0
BRDA:85,1,0,0
BRF:3
BRH:1
end_of_record
TN:
SF:src\models\User.ts
FN:14,(anonymous_1)
FN:34,(anonymous_2)
FN:53,(anonymous_3)
FNF:3
FNH:1
FNDA:0,(anonymous_1)
FNDA:0,(anonymous_2)
FNDA:3,(anonymous_3)
DA:2,2
DA:4,2
DA:24,0
DA:25,0
DA:26,0
DA:27,0
DA:28,0
DA:29,0
DA:30,0
DA:31,0
DA:35,0
DA:49,0
DA:50,0
DA:54,3
DA:55,3
DA:56,0
DA:58,0
LF:17
LH:4
BRDA:20,0,0,0
BRDA:21,1,0,0
BRDA:55,2,0,3
BRF:3
BRH:1
end_of_record
TN:
SF:src\routes\authRoutes.ts
FNF:0
FNH:0
DA:1,2
DA:2,2
DA:3,2
DA:4,2
DA:5,2
DA:7,2
DA:9,2
DA:10,2
DA:13,2
DA:20,2
LF:10
LH:10
BRF:0
BRH:0
end_of_record
TN:
SF:src\routes\leaveRoutes.ts
FN:6,(anonymous_1)
FN:18,(anonymous_2)
FNF:2
FNH:2
FNDA:1,(anonymous_1)
FNDA:1,(anonymous_2)
DA:1,2
DA:2,2
DA:4,2
DA:6,2
DA:7,1
DA:9,1
DA:10,1
DA:11,1
DA:12,0
DA:14,1
DA:18,2
DA:19,1
DA:20,1
DA:21,0
DA:23,1
DA:27,2
LF:16
LH:14
BRF:0
BRH:0
end_of_record
